[15-May-2024 19:29:35 UTC] PHP Fatal error:  Uncaught Error: Class "PDO" not found in /media/HD1000/www/GecofiWeb/Connect.php:15
Stack trace:
#0 /media/HD1000/www/GecofiWeb/Login.php(18): include()
#1 {main}
  thrown in /media/HD1000/www/GecofiWeb/Connect.php on line 15
[15-May-2024 19:29:45 UTC] PHP Fatal error:  Uncaught Error: Class "PDO" not found in /media/HD1000/www/GecofiWeb/Connect.php:15
Stack trace:
#0 /media/HD1000/www/GecofiWeb/Registrazione.php(41): require_once()
#1 {main}
  thrown in /media/HD1000/www/GecofiWeb/Connect.php on line 15
[15-May-2024 19:31:34 UTC] PHP Fatal error:  Uncaught Error: Class "PDO" not found in /media/HD1000/www/GecofiWeb/Connect.php:15
Stack trace:
#0 /media/HD1000/www/GecofiWeb/Registrazione.php(41): require_once()
#1 {main}
  thrown in /media/HD1000/www/GecofiWeb/Connect.php on line 15
[15-May-2024 19:31:34 UTC] PHP Fatal error:  Uncaught Error: Class "PDO" not found in /media/HD1000/www/GecofiWeb/Connect.php:15
Stack trace:
#0 /media/HD1000/www/GecofiWeb/Registrazione.php(41): require_once()
#1 {main}
  thrown in /media/HD1000/www/GecofiWeb/Connect.php on line 15
[15-May-2024 19:31:40 UTC] PHP Fatal error:  Uncaught Error: Class "PDO" not found in /media/HD1000/www/GecofiWeb/Connect.php:15
Stack trace:
#0 /media/HD1000/www/GecofiWeb/Login.php(18): include()
#1 {main}
  thrown in /media/HD1000/www/GecofiWeb/Connect.php on line 15
[15-May-2024 19:31:43 UTC] PHP Fatal error:  Uncaught Error: Class "PDO" not found in /media/HD1000/www/GecofiWeb/Connect.php:15
Stack trace:
#0 /media/HD1000/www/GecofiWeb/Registrazione.php(41): require_once()
#1 {main}
  thrown in /media/HD1000/www/GecofiWeb/Connect.php on line 15
[15-May-2024 19:34:42 UTC] PHP Fatal error:  Uncaught Error: Class "PDO" not found in /media/HD1000/www/GecofiWeb/Connect.php:15
Stack trace:
#0 /media/HD1000/www/GecofiWeb/Registrazione.php(41): require_once()
#1 {main}
  thrown in /media/HD1000/www/GecofiWeb/Connect.php on line 15
[15-May-2024 19:35:28 UTC] PHP Fatal error:  Uncaught Error: Class "PDO" not found in /media/HD1000/www/GecofiWeb/Connect.php:15
Stack trace:
#0 /media/HD1000/www/GecofiWeb/Registrazione.php(41): require_once()
#1 {main}
  thrown in /media/HD1000/www/GecofiWeb/Connect.php on line 15
[15-May-2024 19:35:51 UTC] PHP Fatal error:  Uncaught Error: Class "PDO" not found in /media/HD1000/www/GecofiWeb/Connect.php:15
Stack trace:
#0 /media/HD1000/www/GecofiWeb/Registrazione.php(41): require_once()
#1 {main}
  thrown in /media/HD1000/www/GecofiWeb/Connect.php on line 15
[15-May-2024 19:35:54 UTC] PHP Fatal error:  Uncaught Error: Class "PDO" not found in /media/HD1000/www/GecofiWeb/Connect.php:15
Stack trace:
#0 /media/HD1000/www/GecofiWeb/Registrazione.php(41): require_once()
#1 {main}
  thrown in /media/HD1000/www/GecofiWeb/Connect.php on line 15
[15-May-2024 19:38:25 UTC] PHP Fatal error:  Uncaught Error: Class "PDO" not found in /media/HD1000/www/GecofiWeb/Connect.php:15
Stack trace:
#0 /media/HD1000/www/GecofiWeb/Registrazione.php(41): require_once()
#1 {main}
  thrown in /media/HD1000/www/GecofiWeb/Connect.php on line 15
[15-May-2024 19:38:32 UTC] PHP Fatal error:  Uncaught Error: Class "PDO" not found in /media/HD1000/www/GecofiWeb/Connect.php:15
Stack trace:
#0 /media/HD1000/www/GecofiWeb/Login.php(18): include()
#1 {main}
  thrown in /media/HD1000/www/GecofiWeb/Connect.php on line 15
[15-May-2024 19:38:35 UTC] PHP Fatal error:  Uncaught Error: Class "PDO" not found in /media/HD1000/www/GecofiWeb/Connect.php:15
Stack trace:
#0 /media/HD1000/www/GecofiWeb/Registrazione.php(41): require_once()
#1 {main}
  thrown in /media/HD1000/www/GecofiWeb/Connect.php on line 15
[15-May-2024 19:38:46 UTC] PHP Fatal error:  Uncaught Error: Class "PDO" not found in /media/HD1000/www/GecofiWeb/Connect.php:15
Stack trace:
#0 /media/HD1000/www/GecofiWeb/Registrazione.php(41): require_once()
#1 {main}
  thrown in /media/HD1000/www/GecofiWeb/Connect.php on line 15
